0 info it worked if it ends with ok
1 verbose cli [ '/home/ubuntu/.nvm/versions/node/v4.7.3/bin/node',
1 verbose cli   '/home/ubuntu/.nvm/versions/node/v4.7.3/bin/npm',
1 verbose cli   'install',
1 verbose cli   '-g',
1 verbose cli   'httpie' ]
2 info using npm@2.15.11
3 info using node@v4.7.3
4 verbose install initial load of /home/ubuntu/.nvm/versions/node/v4.7.3/lib/package.json
5 verbose readDependencies loading dependencies from /home/ubuntu/.nvm/versions/node/v4.7.3/lib/package.json
6 silly cache add args [ 'httpie', null ]
7 verbose cache add spec httpie
8 silly cache add parsed spec Result {
8 silly cache add   raw: 'httpie',
8 silly cache add   scope: null,
8 silly cache add   name: 'httpie',
8 silly cache add   rawSpec: '',
8 silly cache add   spec: 'latest',
8 silly cache add   type: 'tag' }
9 silly addNamed httpie@latest
10 verbose addNamed "latest" is being treated as a dist-tag for httpie
11 info addNameTag [ 'httpie', 'latest' ]
12 silly mapToRegistry name httpie
13 silly mapToRegistry using default registry
14 silly mapToRegistry registry https://registry.npmjs.org/
15 silly mapToRegistry data Result {
15 silly mapToRegistry   raw: 'httpie',
15 silly mapToRegistry   scope: null,
15 silly mapToRegistry   name: 'httpie',
15 silly mapToRegistry   rawSpec: '',
15 silly mapToRegistry   spec: 'latest',
15 silly mapToRegistry   type: 'tag' }
16 silly mapToRegistry uri https://registry.npmjs.org/httpie
17 verbose addNameTag registry:https://registry.npmjs.org/httpie not in flight; fetching
18 verbose request uri https://registry.npmjs.org/httpie
19 verbose request no auth needed
20 info attempt registry request try #1 at 5:45:18 PM
21 verbose request using bearer token for auth
22 verbose request id 21c3c0c68da9b43a
23 http request GET https://registry.npmjs.org/httpie
24 http 404 https://registry.npmjs.org/httpie
25 verbose headers { 'content-type': 'application/json',
25 verbose headers   'cache-control': 'max-age=0',
25 verbose headers   'content-length': '2',
25 verbose headers   'accept-ranges': 'bytes',
25 verbose headers   date: 'Thu, 21 Sep 2017 17:45:19 GMT',
25 verbose headers   via: '1.1 varnish',
25 verbose headers   connection: 'keep-alive',
25 verbose headers   'x-served-by': 'cache-ord1744-ORD',
25 verbose headers   'x-cache': 'MISS',
25 verbose headers   'x-cache-hits': '0',
25 verbose headers   'x-timer': 'S1506015919.702604,VS0,VE309',
25 verbose headers   vary: 'Accept-Encoding' }
26 silly get cb [ 404,
26 silly get   { 'content-type': 'application/json',
26 silly get     'cache-control': 'max-age=0',
26 silly get     'content-length': '2',
26 silly get     'accept-ranges': 'bytes',
26 silly get     date: 'Thu, 21 Sep 2017 17:45:19 GMT',
26 silly get     via: '1.1 varnish',
26 silly get     connection: 'keep-alive',
26 silly get     'x-served-by': 'cache-ord1744-ORD',
26 silly get     'x-cache': 'MISS',
26 silly get     'x-cache-hits': '0',
26 silly get     'x-timer': 'S1506015919.702604,VS0,VE309',
26 silly get     vary: 'Accept-Encoding' } ]
27 verbose stack Error: Registry returned 404 for GET on https://registry.npmjs.org/httpie
27 verbose stack     at makeError (/home/ubuntu/.nvm/versions/node/v4.7.3/lib/node_modules/npm/node_modules/npm-registry-client/lib/request.js:302:12)
27 verbose stack     at CachingRegistryClient.<anonymous> (/home/ubuntu/.nvm/versions/node/v4.7.3/lib/node_modules/npm/node_modules/npm-registry-client/lib/request.js:280:14)
27 verbose stack     at Request._callback (/home/ubuntu/.nvm/versions/node/v4.7.3/lib/node_modules/npm/node_modules/npm-registry-client/lib/request.js:210:14)
27 verbose stack     at Request.self.callback (/home/ubuntu/.nvm/versions/node/v4.7.3/lib/node_modules/npm/node_modules/request/request.js:187:22)
27 verbose stack     at emitTwo (events.js:87:13)
27 verbose stack     at Request.emit (events.js:172:7)
27 verbose stack     at Request.<anonymous> (/home/ubuntu/.nvm/versions/node/v4.7.3/lib/node_modules/npm/node_modules/request/request.js:1044:10)
27 verbose stack     at emitOne (events.js:77:13)
27 verbose stack     at Request.emit (events.js:169:7)
27 verbose stack     at IncomingMessage.<anonymous> (/home/ubuntu/.nvm/versions/node/v4.7.3/lib/node_modules/npm/node_modules/request/request.js:965:12)
28 verbose statusCode 404
29 verbose pkgid httpie
30 verbose cwd /home/ubuntu/workspace/yourtube
31 error Linux 4.9.17-c9
32 error argv "/home/ubuntu/.nvm/versions/node/v4.7.3/bin/node" "/home/ubuntu/.nvm/versions/node/v4.7.3/bin/npm" "install" "-g" "httpie"
33 error node v4.7.3
34 error npm  v2.15.11
35 error code E404
36 error 404 Registry returned 404 for GET on https://registry.npmjs.org/httpie
36 error 404
36 error 404 'httpie' is not in the npm registry.
36 error 404 You should bug the author to publish it (or use the name yourself!)
36 error 404
36 error 404 Note that you can also install from a
36 error 404 tarball, folder, http url, or git url.
37 verbose exit [ 1, true ]
